<?xml version="1.0" encoding="UTF-8"?>
<!-- Generated by org.testng.reporters.JUnitReportReporter -->
<testsuite hostname="Nitesh" failures="0" tests="1" name="testCases.TC_004_ForgotPassword" time="1.200" errors="0" timestamp="2024-04-28T14:36:29 IST" skipped="0">
  <testcase classname="testCases.TC_004_ForgotPassword" name="test_Forgot_Password" time="1.200"/>
</testsuite> <!-- testCases.TC_004_ForgotPassword -->
