<?xml version="1.0" encoding="UTF-8"?>
<!-- Generated by org.testng.reporters.JUnitReportReporter -->
<testsuite hostname="Nitesh" failures="0" tests="1" name="testCases.TC_001_AccountRegistrationTest" time="77.284" errors="0" timestamp="2024-01-27T00:31:05 IST" skipped="0">
  <testcase classname="testCases.TC_001_AccountRegistrationTest" name="test_account_Registration" time="77.284"/>
</testsuite> <!-- testCases.TC_001_AccountRegistrationTest -->
