<?xml version="1.0" encoding="UTF-8"?>
<!-- Generated by org.testng.reporters.JUnitReportReporter -->
<testsuite hostname="Nitesh" failures="0" tests="1" name="testCases.TC_002_LoginTest" time="2.898" errors="0" timestamp="2024-03-09T19:30:27 IST" skipped="0">
  <testcase classname="testCases.TC_002_LoginTest" name="test_Login" time="2.898"/>
</testsuite> <!-- testCases.TC_002_LoginTest -->
