<?xml version="1.0" encoding="UTF-8"?>
<!-- Generated by org.testng.reporters.JUnitReportReporter -->
<testsuite hostname="Nitesh" failures="0" tests="1" name="testCases.TC_005_MyProfilePage" time="5.719" errors="0" timestamp="2024-03-08T03:52:13 IST" skipped="0">
  <testcase classname="testCases.TC_005_MyProfilePage" name="test_MyPeofile" time="5.719"/>
</testsuite> <!-- testCases.TC_005_MyProfilePage -->
