<?xml version="1.0" encoding="UTF-8"?>
<!-- Generated by org.testng.reporters.JUnitReportReporter -->
<testsuite hostname="Nitesh" failures="0" tests="1" name="testCases.TC_005_MyProfilePage" time="31.557" errors="0" timestamp="2024-06-12T00:57:52 IST" skipped="0">
  <testcase classname="testCases.TC_005_MyProfilePage" name="test_MyPeofile" time="31.557"/>
</testsuite> <!-- testCases.TC_005_MyProfilePage -->
