<?xml version="1.0" encoding="UTF-8"?>
<!-- Generated by org.testng.reporters.JUnitReportReporter -->
<testsuite hostname="Nitesh" failures="0" tests="1" name="testCases.TC_004_ForgotPassword" time="1.556" errors="0" timestamp="2024-03-04T04:41:54 IST" skipped="0">
  <testcase classname="testCases.TC_004_ForgotPassword" name="Test_Forgot_Password" time="1.556"/>
</testsuite> <!-- testCases.TC_004_ForgotPassword -->
