<?xml version="1.0" encoding="UTF-8"?>
<!-- Generated by org.testng.reporters.JUnitReportReporter -->
<testsuite hostname="Nitesh" failures="0" tests="1" name="testCases.TC_005_MyProfilePage" time="103.904" errors="0" timestamp="2024-03-19T23:35:29 IST" skipped="0">
  <testcase classname="testCases.TC_005_MyProfilePage" name="test_MyPeofile" time="103.904"/>
</testsuite> <!-- testCases.TC_005_MyProfilePage -->
