<?xml version="1.0" encoding="UTF-8"?>
<!-- Generated by org.testng.reporters.JUnitReportReporter -->
<testsuite hostname="Nitesh" failures="0" tests="1" name="testCases.TC_004_ForgotPassword" time="3.146" errors="0" timestamp="2024-02-29T23:45:27 IST" skipped="0">
  <testcase classname="testCases.TC_004_ForgotPassword" name="Test_Forgot_Password" time="3.146"/>
</testsuite> <!-- testCases.TC_004_ForgotPassword -->
