<?xml version="1.0" encoding="UTF-8"?>
<!-- Generated by org.testng.reporters.JUnitReportReporter -->
<testsuite hostname="Nitesh" failures="0" tests="1" name="testCases.TC_001_AccountRegistrationTest" time="85.132" errors="0" timestamp="2024-03-10T01:20:09 IST" skipped="0">
  <testcase classname="testCases.TC_001_AccountRegistrationTest" name="test_account_Registration" time="85.132"/>
</testsuite> <!-- testCases.TC_001_AccountRegistrationTest -->
